2021-11-23 10:10:20.160  WARN 21432 --- [HikariPool-1 housekeeper] com.zaxxer.hikari.pool.HikariPool        : HikariPool-1 - Thread starvation or clock leap detected (housekeeper delta=14h10m47s462ms437µs700ns).
2021-11-23 15:38:30.406  INFO 21184 --- [main] p.a.rsbackend.RsbackendApplication       : Starting RsbackendApplication using Java 13.0.1 on DESKTOP-NJEN35A with PID 21184 (C:\Users\Adam Baranowski\Desktop\Praca_Dyplomowa\reservation_system_app\rs_backend\target\classes started by Adam Baranowski in C:\Users\Adam Baranowski\Desktop\Praca_Dyplomowa\reservation_system_app\rs_backend)
2021-11-23 15:38:30.409  INFO 21184 --- [main] p.a.rsbackend.RsbackendApplication       : No active profile set, falling back to default profiles: default
2021-11-23 15:38:31.603  INFO 21184 --- [main] .s.d.r.c.RepositoryConfigurationDelegate : Bootstrapping Spring Data JPA repositories in DEFAULT mode.
2021-11-23 15:38:31.678  INFO 21184 --- [main] .s.d.r.c.RepositoryConfigurationDelegate : Finished Spring Data repository scanning in 69 ms. Found 5 JPA repository interfaces.
2021-11-23 15:38:32.213  INFO 21184 --- [main] o.s.b.w.embedded.tomcat.TomcatWebServer  : Tomcat initialized with port(s): 8082 (http)
2021-11-23 15:38:32.213  INFO 21184 --- [main] o.apache.catalina.core.StandardService   : Starting service [Tomcat]
2021-11-23 15:38:32.213  INFO 21184 --- [main] org.apache.catalina.core.StandardEngine  : Starting Servlet engine: [Apache Tomcat/9.0.52]
2021-11-23 15:38:32.286  INFO 21184 --- [main] o.a.c.c.C.[Tomcat].[localhost].[/]       : Initializing Spring embedded WebApplicationContext
2021-11-23 15:38:32.302  INFO 21184 --- [main] w.s.c.ServletWebServerApplicationContext : Root WebApplicationContext: initialization completed in 1858 ms
2021-11-23 15:38:32.397  INFO 21184 --- [main] com.zaxxer.hikari.HikariDataSource       : HikariPool-1 - Starting...
2021-11-23 15:38:32.480  INFO 21184 --- [main] com.zaxxer.hikari.HikariDataSource       : HikariPool-1 - Start completed.
2021-11-23 15:38:32.485  INFO 21184 --- [main] o.s.b.a.h2.H2ConsoleAutoConfiguration    : H2 console available at '/h2-console'. Database available at 'jdbc:h2:mem:testdb'
2021-11-23 15:38:32.629  INFO 21184 --- [main] o.hibernate.jpa.internal.util.LogHelper  : HHH000204: Processing PersistenceUnitInfo [name: default]
2021-11-23 15:38:32.661  INFO 21184 --- [main] org.hibernate.Version                    : HHH000412: Hibernate ORM core version 5.4.32.Final
2021-11-23 15:38:32.729  INFO 21184 --- [main] o.hibernate.annotations.common.Version   : HCANN000001: Hibernate Commons Annotations {5.1.2.Final}
2021-11-23 15:38:32.821  INFO 21184 --- [main] org.hibernate.dialect.Dialect            : HHH000400: Using dialect: org.hibernate.dialect.H2Dialect
2021-11-23 15:38:33.318  INFO 21184 --- [main] o.h.e.t.j.p.i.JtaPlatformInitiator       : HHH000490: Using JtaPlatform implementation: [org.hibernate.engine.transaction.jta.platform.internal.NoJtaPlatform]
2021-11-23 15:38:33.325  INFO 21184 --- [main] j.LocalContainerEntityManagerFactoryBean : Initialized JPA EntityManagerFactory for persistence unit 'default'
2021-11-23 15:38:34.054  WARN 21184 --- [main] JpaBaseConfiguration$JpaWebConfiguration : spring.jpa.open-in-view is enabled by default. Therefore, database queries may be performed during view rendering. Explicitly configure spring.jpa.open-in-view to disable this warning
2021-11-23 15:38:34.459  INFO 21184 --- [main] o.s.b.a.e.web.EndpointLinksResolver      : Exposing 1 endpoint(s) beneath base path '/actuator'
2021-11-23 15:38:34.899  INFO 21184 --- [main] o.s.s.web.DefaultSecurityFilterChain     : Will secure any request with [org.springframework.security.web.context.request.async.WebAsyncManagerIntegrationFilter@3c84c32f, org.springframework.security.web.context.SecurityContextPersistenceFilter@19070326, org.springframework.security.web.header.HeaderWriterFilter@1dbe592f, org.springframework.web.filter.CorsFilter@57ac220f, org.springframework.security.web.authentication.logout.LogoutFilter@4ca6f587, pl.adambaranowski.rsbackend.security.filter.JwtFilter@7e641005, org.springframework.security.web.savedrequest.RequestCacheAwareFilter@4ce4c097, org.springframework.security.web.servletapi.SecurityContextHolderAwareRequestFilter@a589070, org.springframework.security.web.authentication.AnonymousAuthenticationFilter@2ccfd2cb, org.springframework.security.web.session.SessionManagementFilter@78ae34f7, org.springframework.security.web.access.ExceptionTranslationFilter@2ce7d43, org.springframework.security.web.access.intercept.FilterSecurityInterceptor@108a7fff]
2021-11-23 15:38:35.162  INFO 21184 --- [main] o.s.b.w.embedded.tomcat.TomcatWebServer  : Tomcat started on port(s): 8082 (http) with context path ''
2021-11-23 15:38:35.411  INFO 21184 --- [main] p.a.rsbackend.RsbackendApplication       : Started RsbackendApplication in 5.357 seconds (JVM running for 6.142)
2021-11-23 15:38:35.885  INFO 21184 --- [RMI TCP Connection(2)-192.168.0.115] o.a.c.c.C.[Tomcat].[localhost].[/]       : Initializing Spring DispatcherServlet 'dispatcherServlet'
2021-11-23 15:38:35.887  INFO 21184 --- [RMI TCP Connection(2)-192.168.0.115] o.s.web.servlet.DispatcherServlet        : Initializing Servlet 'dispatcherServlet'
2021-11-23 15:38:35.888  INFO 21184 --- [RMI TCP Connection(2)-192.168.0.115] o.s.web.servlet.DispatcherServlet        : Completed initialization in 1 ms
2021-11-23 15:41:36.936  INFO 21184 --- [http-nio-8082-exec-2] p.a.rsbackend.loging.ControllersLogger   : 
 Invoked: public org.springframework.http.ResponseEntity pl.adambaranowski.rsbackend.controller.LoginController.getUserInfo() 
 With params: 
  
 By User: 
 admin@gmail.com 
 Returned: <200 OK OK,class UserResponseDto {
    id: 3
    userNick: admin
    email: admin@gmail.com
    authorities: [ADMIN]
    lastLoginDateTime: 2021-11-23T15:41:36.907287
    joinDateTime: 2021-11-23T15:38:35.486024
    accountNonExpired: true
    accountNonLocked: true
    credentialsNonExpired: true
},[]>
2021-11-23 15:41:40.980  INFO 21184 --- [http-nio-8082-exec-4] p.a.rsbackend.loging.ControllersLogger   : 
 Invoked: public org.springframework.http.ResponseEntity pl.adambaranowski.rsbackend.controller.RoomController.getAllRooms() 
 With params: 
  
 By User: 
 admin@gmail.com 
 Returned: <200 OK OK,[class RoomResponseDto {
    roomNumber: 21
    description: Small organ room on 2nd floor
    roomStatus: NORMAL
    equipmentItems: [class EquipmentResponseDto {
        id: 1
        name: Pneumatic Organ
        description: II+P, 8 stops, pneumatic tracture organ
        roomNumber: 21
    }]
}, class RoomResponseDto {
    roomNumber: 22
    description: Grand Piano room on 2nd floor
    roomStatus: ONLY_TEACHER
    equipmentItems: [class EquipmentResponseDto {
        id: 2
        name: Yamaha Small Grand Piano
        description: Yamaha Small Grand Piano, well-tuned
        roomNumber: 22
    }]
}, class RoomResponseDto {
    roomNumber: 25
    description: Small organ-piano room on 2nd floor
    roomStatus: NORMAL
    equipmentItems: [class EquipmentResponseDto {
        id: 4
        name: Calisia Piano
        description: Small piano
        roomNumber: 25
    }, class EquipmentResponseDto {
        id: 3
        name: Mechanic Walcker Organ
        description: II+P, 7 stops, mechanic tracture organ
        roomNumber: 25
    }]
}],[]>
2021-11-23 16:31:25.071  INFO 21184 --- [http-nio-8082-exec-7] p.a.rsbackend.loging.ControllersLogger   : 
 Invoked: public org.springframework.http.ResponseEntity pl.adambaranowski.rsbackend.controller.LoginController.getUserInfo() 
 With params: 
  
 By User: 
 admin@gmail.com 
 Returned: <200 OK OK,class UserResponseDto {
    id: 3
    userNick: admin
    email: admin@gmail.com
    authorities: [ADMIN]
    lastLoginDateTime: 2021-11-23T16:31:25.066928
    joinDateTime: 2021-11-23T15:38:35.486024
    accountNonExpired: true
    accountNonLocked: true
    credentialsNonExpired: true
},[]>
2021-11-23 16:31:28.597  INFO 21184 --- [http-nio-8082-exec-9] p.a.rsbackend.loging.ControllersLogger   : 
 Invoked: public org.springframework.http.ResponseEntity pl.adambaranowski.rsbackend.controller.RoomController.getAllRooms() 
 With params: 
  
 By User: 
 admin@gmail.com 
 Returned: <200 OK OK,[class RoomResponseDto {
    roomNumber: 21
    description: Small organ room on 2nd floor
    roomStatus: NORMAL
    equipmentItems: [class EquipmentResponseDto {
        id: 1
        name: Pneumatic Organ
        description: II+P, 8 stops, pneumatic tracture organ
        roomNumber: 21
    }]
}, class RoomResponseDto {
    roomNumber: 22
    description: Grand Piano room on 2nd floor
    roomStatus: ONLY_TEACHER
    equipmentItems: [class EquipmentResponseDto {
        id: 2
        name: Yamaha Small Grand Piano
        description: Yamaha Small Grand Piano, well-tuned
        roomNumber: 22
    }]
}, class RoomResponseDto {
    roomNumber: 25
    description: Small organ-piano room on 2nd floor
    roomStatus: NORMAL
    equipmentItems: [class EquipmentResponseDto {
        id: 4
        name: Calisia Piano
        description: Small piano
        roomNumber: 25
    }, class EquipmentResponseDto {
        id: 3
        name: Mechanic Walcker Organ
        description: II+P, 7 stops, mechanic tracture organ
        roomNumber: 25
    }]
}],[]>
2021-11-23 18:06:59.729  INFO 21184 --- [http-nio-8082-exec-2] p.a.rsbackend.loging.ControllersLogger   : 
 Invoked: public org.springframework.http.ResponseEntity pl.adambaranowski.rsbackend.controller.LoginController.getUserInfo() 
 With params: 
  
 By User: 
 admin@gmail.com 
 Returned: <200 OK OK,class UserResponseDto {
    id: 3
    userNick: admin
    email: admin@gmail.com
    authorities: [ADMIN]
    lastLoginDateTime: 2021-11-23T18:06:59.725474
    joinDateTime: 2021-11-23T15:38:35.486024
    accountNonExpired: true
    accountNonLocked: true
    credentialsNonExpired: true
},[]>
2021-11-23 18:23:09.514  INFO 21184 --- [http-nio-8082-exec-5] p.a.rsbackend.loging.ControllersLogger   : 
 Invoked: public org.springframework.http.ResponseEntity pl.adambaranowski.rsbackend.controller.LoginController.getUserInfo() 
 With params: 
  
 By User: 
 admin@gmail.com 
 Returned: <200 OK OK,class UserResponseDto {
    id: 3
    userNick: admin
    email: admin@gmail.com
    authorities: [ADMIN]
    lastLoginDateTime: 2021-11-23T18:23:09.511782
    joinDateTime: 2021-11-23T15:38:35.486024
    accountNonExpired: true
    accountNonLocked: true
    credentialsNonExpired: true
},[]>
2021-11-23 18:24:14.338  INFO 21184 --- [http-nio-8082-exec-8] p.a.rsbackend.loging.ControllersLogger   : 
 Invoked: public org.springframework.http.ResponseEntity pl.adambaranowski.rsbackend.controller.RoomController.getAllRooms() 
 With params: 
  
 By User: 
 admin@gmail.com 
 Returned: <200 OK OK,[class RoomResponseDto {
    roomNumber: 21
    description: Small organ room on 2nd floor
    roomStatus: NORMAL
    equipmentItems: [class EquipmentResponseDto {
        id: 1
        name: Pneumatic Organ
        description: II+P, 8 stops, pneumatic tracture organ
        roomNumber: 21
    }]
}, class RoomResponseDto {
    roomNumber: 22
    description: Grand Piano room on 2nd floor
    roomStatus: ONLY_TEACHER
    equipmentItems: [class EquipmentResponseDto {
        id: 2
        name: Yamaha Small Grand Piano
        description: Yamaha Small Grand Piano, well-tuned
        roomNumber: 22
    }]
}, class RoomResponseDto {
    roomNumber: 25
    description: Small organ-piano room on 2nd floor
    roomStatus: NORMAL
    equipmentItems: [class EquipmentResponseDto {
        id: 4
        name: Calisia Piano
        description: Small piano
        roomNumber: 25
    }, class EquipmentResponseDto {
        id: 3
        name: Mechanic Walcker Organ
        description: II+P, 7 stops, mechanic tracture organ
        roomNumber: 25
    }]
}],[]>
2021-11-23 19:36:14.235  INFO 21184 --- [http-nio-8082-exec-3] p.a.rsbackend.loging.ControllersLogger   : 
 Invoked: public org.springframework.http.ResponseEntity pl.adambaranowski.rsbackend.controller.LoginController.getUserInfo() 
 With params: 
  
 By User: 
 admin@gmail.com 
 Returned: <200 OK OK,class UserResponseDto {
    id: 3
    userNick: admin
    email: admin@gmail.com
    authorities: [ADMIN]
    lastLoginDateTime: 2021-11-23T19:36:14.235475
    joinDateTime: 2021-11-23T15:38:35.486024
    accountNonExpired: true
    accountNonLocked: true
    credentialsNonExpired: true
},[]>
2021-11-23 19:36:18.591  INFO 21184 --- [http-nio-8082-exec-5] p.a.rsbackend.loging.ControllersLogger   : 
 Invoked: public org.springframework.http.ResponseEntity pl.adambaranowski.rsbackend.controller.RoomController.getAllRooms() 
 With params: 
  
 By User: 
 admin@gmail.com 
 Returned: <200 OK OK,[class RoomResponseDto {
    roomNumber: 21
    description: Small organ room on 2nd floor
    roomStatus: NORMAL
    equipmentItems: [class EquipmentResponseDto {
        id: 1
        name: Pneumatic Organ
        description: II+P, 8 stops, pneumatic tracture organ
        roomNumber: 21
    }]
}, class RoomResponseDto {
    roomNumber: 22
    description: Grand Piano room on 2nd floor
    roomStatus: ONLY_TEACHER
    equipmentItems: [class EquipmentResponseDto {
        id: 2
        name: Yamaha Small Grand Piano
        description: Yamaha Small Grand Piano, well-tuned
        roomNumber: 22
    }]
}, class RoomResponseDto {
    roomNumber: 25
    description: Small organ-piano room on 2nd floor
    roomStatus: NORMAL
    equipmentItems: [class EquipmentResponseDto {
        id: 4
        name: Calisia Piano
        description: Small piano
        roomNumber: 25
    }, class EquipmentResponseDto {
        id: 3
        name: Mechanic Walcker Organ
        description: II+P, 7 stops, mechanic tracture organ
        roomNumber: 25
    }]
}],[]>
2021-11-23 19:36:23.543  INFO 21184 --- [http-nio-8082-exec-7] p.a.rsbackend.loging.ControllersLogger   : 
 Invoked: public org.springframework.http.ResponseEntity pl.adambaranowski.rsbackend.controller.ReservationController.getReservationsForRoom(pl.adambaranowski.rsbackend.model.dto.GetReservationRequestDto) 
 With params: 
 class GetReservationRequestDto {
    roomNumber: 22
    beginDate: 11-09-2021
    endDate: 15-09-2021
}
 
 By User: 
 admin@gmail.com 
 Returned: <200 OK OK,[class SingleReservationDto {
    reservationId: 2
    userNick: admin
    date: 14-10-2021
    beginTime: 09:45
    endTime: 11:00
}],[]>
2021-11-23 19:36:25.034  INFO 21184 --- [http-nio-8082-exec-8] p.a.rsbackend.loging.ControllersLogger   : 
 Invoked: public org.springframework.http.ResponseEntity pl.adambaranowski.rsbackend.controller.ReservationController.getReservationsForRoom(pl.adambaranowski.rsbackend.model.dto.GetReservationRequestDto) 
 With params: 
 class GetReservationRequestDto {
    roomNumber: 22
    beginDate: 11-09-2021
    endDate: 15-09-2021
}
 
 By User: 
 admin@gmail.com 
 Returned: <200 OK OK,[class SingleReservationDto {
    reservationId: 2
    userNick: admin
    date: 14-10-2021
    beginTime: 09:45
    endTime: 11:00
}],[]>
2021-11-23 19:36:30.025  INFO 21184 --- [http-nio-8082-exec-10] p.a.rsbackend.loging.ControllersLogger   : 
 Invoked: public org.springframework.http.ResponseEntity pl.adambaranowski.rsbackend.controller.ReservationController.getReservationsForRoom(pl.adambaranowski.rsbackend.model.dto.GetReservationRequestDto) 
 With params: 
 class GetReservationRequestDto {
    roomNumber: 21
    beginDate: 11-09-2021
    endDate: 15-09-2021
}
 
 By User: 
 admin@gmail.com 
 Returned: <200 OK OK,[],[]>
2021-11-23 19:36:31.005  INFO 21184 --- [http-nio-8082-exec-1] p.a.rsbackend.loging.ControllersLogger   : 
 Invoked: public org.springframework.http.ResponseEntity pl.adambaranowski.rsbackend.controller.ReservationController.getReservationsForRoom(pl.adambaranowski.rsbackend.model.dto.GetReservationRequestDto) 
 With params: 
 class GetReservationRequestDto {
    roomNumber: 25
    beginDate: 11-09-2021
    endDate: 15-09-2021
}
 
 By User: 
 admin@gmail.com 
 Returned: <200 OK OK,[],[]>
2021-11-23 19:36:31.880  INFO 21184 --- [http-nio-8082-exec-2] p.a.rsbackend.loging.ControllersLogger   : 
 Invoked: public org.springframework.http.ResponseEntity pl.adambaranowski.rsbackend.controller.ReservationController.getReservationsForRoom(pl.adambaranowski.rsbackend.model.dto.GetReservationRequestDto) 
 With params: 
 class GetReservationRequestDto {
    roomNumber: 22
    beginDate: 11-09-2021
    endDate: 15-09-2021
}
 
 By User: 
 admin@gmail.com 
 Returned: <200 OK OK,[class SingleReservationDto {
    reservationId: 2
    userNick: admin
    date: 14-10-2021
    beginTime: 09:45
    endTime: 11:00
}],[]>
2021-11-23 19:36:34.147  INFO 21184 --- [http-nio-8082-exec-3] p.a.rsbackend.loging.ControllersLogger   : 
 Invoked: public org.springframework.http.ResponseEntity pl.adambaranowski.rsbackend.controller.ReservationController.getReservationsForRoom(pl.adambaranowski.rsbackend.model.dto.GetReservationRequestDto) 
 With params: 
 class GetReservationRequestDto {
    roomNumber: 22
    beginDate: 18-09-2021
    endDate: 22-09-2021
}
 
 By User: 
 admin@gmail.com 
 Returned: <200 OK OK,[class SingleReservationDto {
    reservationId: 2
    userNick: admin
    date: 14-10-2021
    beginTime: 09:45
    endTime: 11:00
}],[]>
2021-11-23 19:36:43.787  INFO 21184 --- [http-nio-8082-exec-5] p.a.rsbackend.loging.ControllersLogger   : 
 Invoked: public org.springframework.http.ResponseEntity pl.adambaranowski.rsbackend.controller.ReservationController.getReservationsForRoom(pl.adambaranowski.rsbackend.model.dto.GetReservationRequestDto) 
 With params: 
 class GetReservationRequestDto {
    roomNumber: 22
    beginDate: 18-09-2021
    endDate: 22-09-2021
}
 
 By User: 
 admin@gmail.com 
 Returned: <200 OK OK,[class SingleReservationDto {
    reservationId: 2
    userNick: admin
    date: 14-10-2021
    beginTime: 09:45
    endTime: 11:00
}],[]>
2021-11-23 19:37:34.555  INFO 21184 --- [http-nio-8082-exec-7] p.a.rsbackend.loging.ControllersLogger   : 
 Invoked: public org.springframework.http.ResponseEntity pl.adambaranowski.rsbackend.controller.RoomController.getAllRooms() 
 With params: 
  
 By User: 
 admin@gmail.com 
 Returned: <200 OK OK,[class RoomResponseDto {
    roomNumber: 21
    description: Small organ room on 2nd floor
    roomStatus: NORMAL
    equipmentItems: [class EquipmentResponseDto {
        id: 1
        name: Pneumatic Organ
        description: II+P, 8 stops, pneumatic tracture organ
        roomNumber: 21
    }]
}, class RoomResponseDto {
    roomNumber: 22
    description: Grand Piano room on 2nd floor
    roomStatus: ONLY_TEACHER
    equipmentItems: [class EquipmentResponseDto {
        id: 2
        name: Yamaha Small Grand Piano
        description: Yamaha Small Grand Piano, well-tuned
        roomNumber: 22
    }]
}, class RoomResponseDto {
    roomNumber: 25
    description: Small organ-piano room on 2nd floor
    roomStatus: NORMAL
    equipmentItems: [class EquipmentResponseDto {
        id: 4
        name: Calisia Piano
        description: Small piano
        roomNumber: 25
    }, class EquipmentResponseDto {
        id: 3
        name: Mechanic Walcker Organ
        description: II+P, 7 stops, mechanic tracture organ
        roomNumber: 25
    }]
}],[]>
2021-11-23 19:37:38.771  INFO 21184 --- [http-nio-8082-exec-9] p.a.rsbackend.loging.ControllersLogger   : 
 Invoked: public org.springframework.http.ResponseEntity pl.adambaranowski.rsbackend.controller.ReservationController.getReservationsForRoom(pl.adambaranowski.rsbackend.model.dto.GetReservationRequestDto) 
 With params: 
 class GetReservationRequestDto {
    roomNumber: 22
    beginDate: 15-10-2021
    endDate: 19-10-2021
}
 
 By User: 
 admin@gmail.com 
 Returned: <200 OK OK,[class SingleReservationDto {
    reservationId: 1
    userNick: admin
    date: 18-10-2021
    beginTime: 12:30
    endTime: 14:00
}, class SingleReservationDto {
    reservationId: 1
    userNick: admin
    date: 19-10-2021
    beginTime: 12:30
    endTime: 14:00
}],[]>
2021-11-23 19:40:59.780  INFO 21184 --- [http-nio-8082-exec-2] p.a.rsbackend.loging.ControllersLogger   : 
 Invoked: public org.springframework.http.ResponseEntity pl.adambaranowski.rsbackend.controller.RoomController.getAllRooms() 
 With params: 
  
 By User: 
 admin@gmail.com 
 Returned: <200 OK OK,[class RoomResponseDto {
    roomNumber: 21
    description: Small organ room on 2nd floor
    roomStatus: NORMAL
    equipmentItems: [class EquipmentResponseDto {
        id: 1
        name: Pneumatic Organ
        description: II+P, 8 stops, pneumatic tracture organ
        roomNumber: 21
    }]
}, class RoomResponseDto {
    roomNumber: 22
    description: Grand Piano room on 2nd floor
    roomStatus: ONLY_TEACHER
    equipmentItems: [class EquipmentResponseDto {
        id: 2
        name: Yamaha Small Grand Piano
        description: Yamaha Small Grand Piano, well-tuned
        roomNumber: 22
    }]
}, class RoomResponseDto {
    roomNumber: 25
    description: Small organ-piano room on 2nd floor
    roomStatus: NORMAL
    equipmentItems: [class EquipmentResponseDto {
        id: 4
        name: Calisia Piano
        description: Small piano
        roomNumber: 25
    }, class EquipmentResponseDto {
        id: 3
        name: Mechanic Walcker Organ
        description: II+P, 7 stops, mechanic tracture organ
        roomNumber: 25
    }]
}],[]>
2021-11-23 19:41:54.544  INFO 21184 --- [http-nio-8082-exec-4] p.a.rsbackend.loging.ControllersLogger   : 
 Invoked: public org.springframework.http.ResponseEntity pl.adambaranowski.rsbackend.controller.ReservationController.getReservationsForRoom(pl.adambaranowski.rsbackend.model.dto.GetReservationRequestDto) 
 With params: 
 class GetReservationRequestDto {
    roomNumber: 22
    beginDate: 11-09-2021
    endDate: 15-09-2021
}
 
 By User: 
 admin@gmail.com 
 Returned: <200 OK OK,[class SingleReservationDto {
    reservationId: 2
    userNick: admin
    date: 14-10-2021
    beginTime: 09:45
    endTime: 11:00
}],[]>
2021-11-23 19:44:35.992  INFO 21184 --- [http-nio-8082-exec-7] p.a.rsbackend.loging.ControllersLogger   : 
 Invoked: public org.springframework.http.ResponseEntity pl.adambaranowski.rsbackend.controller.RoomController.getAllRooms() 
 With params: 
  
 By User: 
 admin@gmail.com 
 Returned: <200 OK OK,[class RoomResponseDto {
    roomNumber: 21
    description: Small organ room on 2nd floor
    roomStatus: NORMAL
    equipmentItems: [class EquipmentResponseDto {
        id: 1
        name: Pneumatic Organ
        description: II+P, 8 stops, pneumatic tracture organ
        roomNumber: 21
    }]
}, class RoomResponseDto {
    roomNumber: 22
    description: Grand Piano room on 2nd floor
    roomStatus: ONLY_TEACHER
    equipmentItems: [class EquipmentResponseDto {
        id: 2
        name: Yamaha Small Grand Piano
        description: Yamaha Small Grand Piano, well-tuned
        roomNumber: 22
    }]
}, class RoomResponseDto {
    roomNumber: 25
    description: Small organ-piano room on 2nd floor
    roomStatus: NORMAL
    equipmentItems: [class EquipmentResponseDto {
        id: 4
        name: Calisia Piano
        description: Small piano
        roomNumber: 25
    }, class EquipmentResponseDto {
        id: 3
        name: Mechanic Walcker Organ
        description: II+P, 7 stops, mechanic tracture organ
        roomNumber: 25
    }]
}],[]>
2021-11-23 19:44:54.206  INFO 21184 --- [http-nio-8082-exec-9] p.a.rsbackend.loging.ControllersLogger   : 
 Invoked: public org.springframework.http.ResponseEntity pl.adambaranowski.rsbackend.controller.RoomController.getAllRooms() 
 With params: 
  
 By User: 
 admin@gmail.com 
 Returned: <200 OK OK,[class RoomResponseDto {
    roomNumber: 21
    description: Small organ room on 2nd floor
    roomStatus: NORMAL
    equipmentItems: [class EquipmentResponseDto {
        id: 1
        name: Pneumatic Organ
        description: II+P, 8 stops, pneumatic tracture organ
        roomNumber: 21
    }]
}, class RoomResponseDto {
    roomNumber: 22
    description: Grand Piano room on 2nd floor
    roomStatus: ONLY_TEACHER
    equipmentItems: [class EquipmentResponseDto {
        id: 2
        name: Yamaha Small Grand Piano
        description: Yamaha Small Grand Piano, well-tuned
        roomNumber: 22
    }]
}, class RoomResponseDto {
    roomNumber: 25
    description: Small organ-piano room on 2nd floor
    roomStatus: NORMAL
    equipmentItems: [class EquipmentResponseDto {
        id: 4
        name: Calisia Piano
        description: Small piano
        roomNumber: 25
    }, class EquipmentResponseDto {
        id: 3
        name: Mechanic Walcker Organ
        description: II+P, 7 stops, mechanic tracture organ
        roomNumber: 25
    }]
}],[]>
2021-11-23 19:44:59.541  INFO 21184 --- [http-nio-8082-exec-1] p.a.rsbackend.loging.ControllersLogger   : 
 Invoked: public org.springframework.http.ResponseEntity pl.adambaranowski.rsbackend.controller.ReservationController.getReservationsForRoom(pl.adambaranowski.rsbackend.model.dto.GetReservationRequestDto) 
 With params: 
 class GetReservationRequestDto {
    roomNumber: 22
    beginDate: 11-09-2021
    endDate: 15-09-2021
}
 
 By User: 
 admin@gmail.com 
 Returned: <200 OK OK,[class SingleReservationDto {
    reservationId: 2
    userNick: admin
    date: 14-10-2021
    beginTime: 09:45
    endTime: 11:00
}],[]>
2021-11-23 19:45:02.490  INFO 21184 --- [http-nio-8082-exec-2] p.a.rsbackend.loging.ControllersLogger   : 
 Invoked: public org.springframework.http.ResponseEntity pl.adambaranowski.rsbackend.controller.ReservationController.getReservationsForRoom(pl.adambaranowski.rsbackend.model.dto.GetReservationRequestDto) 
 With params: 
 class GetReservationRequestDto {
    roomNumber: 22
    beginDate: 18-09-2021
    endDate: 22-09-2021
}
 
 By User: 
 admin@gmail.com 
 Returned: <200 OK OK,[class SingleReservationDto {
    reservationId: 2
    userNick: admin
    date: 14-10-2021
    beginTime: 09:45
    endTime: 11:00
}],[]>
2021-11-23 19:45:07.159  INFO 21184 --- [http-nio-8082-exec-4] p.a.rsbackend.loging.ControllersLogger   : 
 Invoked: public org.springframework.http.ResponseEntity pl.adambaranowski.rsbackend.controller.ReservationController.getReservationsForRoom(pl.adambaranowski.rsbackend.model.dto.GetReservationRequestDto) 
 With params: 
 class GetReservationRequestDto {
    roomNumber: 25
    beginDate: 18-09-2021
    endDate: 22-09-2021
}
 
 By User: 
 admin@gmail.com 
 Returned: <200 OK OK,[],[]>
2021-11-23 19:45:07.986  INFO 21184 --- [http-nio-8082-exec-5] p.a.rsbackend.loging.ControllersLogger   : 
 Invoked: public org.springframework.http.ResponseEntity pl.adambaranowski.rsbackend.controller.ReservationController.getReservationsForRoom(pl.adambaranowski.rsbackend.model.dto.GetReservationRequestDto) 
 With params: 
 class GetReservationRequestDto {
    roomNumber: 21
    beginDate: 18-09-2021
    endDate: 22-09-2021
}
 
 By User: 
 admin@gmail.com 
 Returned: <200 OK OK,[],[]>
2021-11-23 19:45:08.606  INFO 21184 --- [http-nio-8082-exec-6] p.a.rsbackend.loging.ControllersLogger   : 
 Invoked: public org.springframework.http.ResponseEntity pl.adambaranowski.rsbackend.controller.ReservationController.getReservationsForRoom(pl.adambaranowski.rsbackend.model.dto.GetReservationRequestDto) 
 With params: 
 class GetReservationRequestDto {
    roomNumber: 22
    beginDate: 18-09-2021
    endDate: 22-09-2021
}
 
 By User: 
 admin@gmail.com 
 Returned: <200 OK OK,[class SingleReservationDto {
    reservationId: 2
    userNick: admin
    date: 14-10-2021
    beginTime: 09:45
    endTime: 11:00
}],[]>
2021-11-23 19:50:06.597  INFO 21184 --- [http-nio-8082-exec-9] p.a.rsbackend.loging.ControllersLogger   : 
 Invoked: public org.springframework.http.ResponseEntity pl.adambaranowski.rsbackend.controller.LoginController.getUserInfo() 
 With params: 
  
 By User: 
 admin@gmail.com 
 Returned: <200 OK OK,class UserResponseDto {
    id: 3
    userNick: admin
    email: admin@gmail.com
    authorities: [ADMIN]
    lastLoginDateTime: 2021-11-23T19:50:06.594489
    joinDateTime: 2021-11-23T15:38:35.486024
    accountNonExpired: true
    accountNonLocked: true
    credentialsNonExpired: true
},[]>
2021-11-23 19:50:09.982  INFO 21184 --- [http-nio-8082-exec-1] p.a.rsbackend.loging.ControllersLogger   : 
 Invoked: public org.springframework.http.ResponseEntity pl.adambaranowski.rsbackend.controller.RoomController.getAllRooms() 
 With params: 
  
 By User: 
 admin@gmail.com 
 Returned: <200 OK OK,[class RoomResponseDto {
    roomNumber: 21
    description: Small organ room on 2nd floor
    roomStatus: NORMAL
    equipmentItems: [class EquipmentResponseDto {
        id: 1
        name: Pneumatic Organ
        description: II+P, 8 stops, pneumatic tracture organ
        roomNumber: 21
    }]
}, class RoomResponseDto {
    roomNumber: 22
    description: Grand Piano room on 2nd floor
    roomStatus: ONLY_TEACHER
    equipmentItems: [class EquipmentResponseDto {
        id: 2
        name: Yamaha Small Grand Piano
        description: Yamaha Small Grand Piano, well-tuned
        roomNumber: 22
    }]
}, class RoomResponseDto {
    roomNumber: 25
    description: Small organ-piano room on 2nd floor
    roomStatus: NORMAL
    equipmentItems: [class EquipmentResponseDto {
        id: 4
        name: Calisia Piano
        description: Small piano
        roomNumber: 25
    }, class EquipmentResponseDto {
        id: 3
        name: Mechanic Walcker Organ
        description: II+P, 7 stops, mechanic tracture organ
        roomNumber: 25
    }]
}],[]>
2021-11-23 19:50:13.878  INFO 21184 --- [http-nio-8082-exec-3] p.a.rsbackend.loging.ControllersLogger   : 
 Invoked: public org.springframework.http.ResponseEntity pl.adambaranowski.rsbackend.controller.ReservationController.getReservationsForRoom(pl.adambaranowski.rsbackend.model.dto.GetReservationRequestDto) 
 With params: 
 class GetReservationRequestDto {
    roomNumber: 22
    beginDate: 18-09-2021
    endDate: 22-09-2021
}
 
 By User: 
 admin@gmail.com 
 Returned: <200 OK OK,[class SingleReservationDto {
    reservationId: 2
    userNick: admin
    date: 14-10-2021
    beginTime: 09:45
    endTime: 11:00
}],[]>
2021-11-23 19:51:51.996  INFO 21184 --- [http-nio-8082-exec-6] p.a.rsbackend.loging.ControllersLogger   : 
 Invoked: public org.springframework.http.ResponseEntity pl.adambaranowski.rsbackend.controller.RoomController.getAllRooms() 
 With params: 
  
 By User: 
 admin@gmail.com 
 Returned: <200 OK OK,[class RoomResponseDto {
    roomNumber: 21
    description: Small organ room on 2nd floor
    roomStatus: NORMAL
    equipmentItems: [class EquipmentResponseDto {
        id: 1
        name: Pneumatic Organ
        description: II+P, 8 stops, pneumatic tracture organ
        roomNumber: 21
    }]
}, class RoomResponseDto {
    roomNumber: 22
    description: Grand Piano room on 2nd floor
    roomStatus: ONLY_TEACHER
    equipmentItems: [class EquipmentResponseDto {
        id: 2
        name: Yamaha Small Grand Piano
        description: Yamaha Small Grand Piano, well-tuned
        roomNumber: 22
    }]
}, class RoomResponseDto {
    roomNumber: 25
    description: Small organ-piano room on 2nd floor
    roomStatus: NORMAL
    equipmentItems: [class EquipmentResponseDto {
        id: 4
        name: Calisia Piano
        description: Small piano
        roomNumber: 25
    }, class EquipmentResponseDto {
        id: 3
        name: Mechanic Walcker Organ
        description: II+P, 7 stops, mechanic tracture organ
        roomNumber: 25
    }]
}],[]>
2021-11-23 19:51:55.551  INFO 21184 --- [http-nio-8082-exec-8] p.a.rsbackend.loging.ControllersLogger   : 
 Invoked: public org.springframework.http.ResponseEntity pl.adambaranowski.rsbackend.controller.ReservationController.getReservationsForRoom(pl.adambaranowski.rsbackend.model.dto.GetReservationRequestDto) 
 With params: 
 class GetReservationRequestDto {
    roomNumber: 21
    beginDate: 22-10-2021
    endDate: 26-10-2021
}
 
 By User: 
 admin@gmail.com 
 Returned: <200 OK OK,[],[]>
2021-11-23 19:51:55.684  INFO 21184 --- [http-nio-8082-exec-9] p.a.rsbackend.loging.ControllersLogger   : 
 Invoked: public org.springframework.http.ResponseEntity pl.adambaranowski.rsbackend.controller.ReservationController.getReservationsForRoom(pl.adambaranowski.rsbackend.model.dto.GetReservationRequestDto) 
 With params: 
 class GetReservationRequestDto {
    roomNumber: 21
    beginDate: 22-10-2021
    endDate: 26-10-2021
}
 
 By User: 
 admin@gmail.com 
 Returned: <200 OK OK,[],[]>
2021-11-23 19:51:55.970  INFO 21184 --- [http-nio-8082-exec-10] p.a.rsbackend.loging.ControllersLogger   : 
 Invoked: public org.springframework.http.ResponseEntity pl.adambaranowski.rsbackend.controller.ReservationController.getReservationsForRoom(pl.adambaranowski.rsbackend.model.dto.GetReservationRequestDto) 
 With params: 
 class GetReservationRequestDto {
    roomNumber: 21
    beginDate: 22-10-2021
    endDate: 26-10-2021
}
 
 By User: 
 admin@gmail.com 
 Returned: <200 OK OK,[],[]>
2021-11-23 19:51:56.124  INFO 21184 --- [http-nio-8082-exec-1] p.a.rsbackend.loging.ControllersLogger   : 
 Invoked: public org.springframework.http.ResponseEntity pl.adambaranowski.rsbackend.controller.ReservationController.getReservationsForRoom(pl.adambaranowski.rsbackend.model.dto.GetReservationRequestDto) 
 With params: 
 class GetReservationRequestDto {
    roomNumber: 21
    beginDate: 22-10-2021
    endDate: 26-10-2021
}
 
 By User: 
 admin@gmail.com 
 Returned: <200 OK OK,[],[]>
2021-11-23 19:51:56.259  INFO 21184 --- [http-nio-8082-exec-2] p.a.rsbackend.loging.ControllersLogger   : 
 Invoked: public org.springframework.http.ResponseEntity pl.adambaranowski.rsbackend.controller.ReservationController.getReservationsForRoom(pl.adambaranowski.rsbackend.model.dto.GetReservationRequestDto) 
 With params: 
 class GetReservationRequestDto {
    roomNumber: 21
    beginDate: 22-10-2021
    endDate: 26-10-2021
}
 
 By User: 
 admin@gmail.com 
 Returned: <200 OK OK,[],[]>
2021-11-23 19:51:56.682  INFO 21184 --- [http-nio-8082-exec-3] p.a.rsbackend.loging.ControllersLogger   : 
 Invoked: public org.springframework.http.ResponseEntity pl.adambaranowski.rsbackend.controller.ReservationController.getReservationsForRoom(pl.adambaranowski.rsbackend.model.dto.GetReservationRequestDto) 
 With params: 
 class GetReservationRequestDto {
    roomNumber: 21
    beginDate: 22-10-2021
    endDate: 26-10-2021
}
 
 By User: 
 admin@gmail.com 
 Returned: <200 OK OK,[],[]>
2021-11-23 19:51:59.423  INFO 21184 --- [http-nio-8082-exec-4] p.a.rsbackend.loging.ControllersLogger   : 
 Invoked: public org.springframework.http.ResponseEntity pl.adambaranowski.rsbackend.controller.ReservationController.getReservationsForRoom(pl.adambaranowski.rsbackend.model.dto.GetReservationRequestDto) 
 With params: 
 class GetReservationRequestDto {
    roomNumber: 22
    beginDate: 11-09-2021
    endDate: 15-09-2021
}
 
 By User: 
 admin@gmail.com 
 Returned: <200 OK OK,[class SingleReservationDto {
    reservationId: 2
    userNick: admin
    date: 14-10-2021
    beginTime: 09:45
    endTime: 11:00
}],[]>
2021-11-23 19:54:01.808  INFO 21184 --- [http-nio-8082-exec-7] p.a.rsbackend.loging.ControllersLogger   : 
 Invoked: public org.springframework.http.ResponseEntity pl.adambaranowski.rsbackend.controller.RoomController.getAllRooms() 
 With params: 
  
 By User: 
 admin@gmail.com 
 Returned: <200 OK OK,[class RoomResponseDto {
    roomNumber: 21
    description: Small organ room on 2nd floor
    roomStatus: NORMAL
    equipmentItems: [class EquipmentResponseDto {
        id: 1
        name: Pneumatic Organ
        description: II+P, 8 stops, pneumatic tracture organ
        roomNumber: 21
    }]
}, class RoomResponseDto {
    roomNumber: 22
    description: Grand Piano room on 2nd floor
    roomStatus: ONLY_TEACHER
    equipmentItems: [class EquipmentResponseDto {
        id: 2
        name: Yamaha Small Grand Piano
        description: Yamaha Small Grand Piano, well-tuned
        roomNumber: 22
    }]
}, class RoomResponseDto {
    roomNumber: 25
    description: Small organ-piano room on 2nd floor
    roomStatus: NORMAL
    equipmentItems: [class EquipmentResponseDto {
        id: 4
        name: Calisia Piano
        description: Small piano
        roomNumber: 25
    }, class EquipmentResponseDto {
        id: 3
        name: Mechanic Walcker Organ
        description: II+P, 7 stops, mechanic tracture organ
        roomNumber: 25
    }]
}],[]>
2021-11-23 19:54:05.593  INFO 21184 --- [http-nio-8082-exec-9] p.a.rsbackend.loging.ControllersLogger   : 
 Invoked: public org.springframework.http.ResponseEntity pl.adambaranowski.rsbackend.controller.ReservationController.getReservationsForRoom(pl.adambaranowski.rsbackend.model.dto.GetReservationRequestDto) 
 With params: 
 class GetReservationRequestDto {
    roomNumber: 22
    beginDate: 11-09-2021
    endDate: 15-09-2021
}
 
 By User: 
 admin@gmail.com 
 Returned: <200 OK OK,[class SingleReservationDto {
    reservationId: 2
    userNick: admin
    date: 14-10-2021
    beginTime: 09:45
    endTime: 11:00
}],[]>
2021-11-23 19:55:13.605  INFO 21184 --- [http-nio-8082-exec-2] p.a.rsbackend.loging.ControllersLogger   : 
 Invoked: public org.springframework.http.ResponseEntity pl.adambaranowski.rsbackend.controller.RoomController.getAllRooms() 
 With params: 
  
 By User: 
 admin@gmail.com 
 Returned: <200 OK OK,[class RoomResponseDto {
    roomNumber: 21
    description: Small organ room on 2nd floor
    roomStatus: NORMAL
    equipmentItems: [class EquipmentResponseDto {
        id: 1
        name: Pneumatic Organ
        description: II+P, 8 stops, pneumatic tracture organ
        roomNumber: 21
    }]
}, class RoomResponseDto {
    roomNumber: 22
    description: Grand Piano room on 2nd floor
    roomStatus: ONLY_TEACHER
    equipmentItems: [class EquipmentResponseDto {
        id: 2
        name: Yamaha Small Grand Piano
        description: Yamaha Small Grand Piano, well-tuned
        roomNumber: 22
    }]
}, class RoomResponseDto {
    roomNumber: 25
    description: Small organ-piano room on 2nd floor
    roomStatus: NORMAL
    equipmentItems: [class EquipmentResponseDto {
        id: 4
        name: Calisia Piano
        description: Small piano
        roomNumber: 25
    }, class EquipmentResponseDto {
        id: 3
        name: Mechanic Walcker Organ
        description: II+P, 7 stops, mechanic tracture organ
        roomNumber: 25
    }]
}],[]>
2021-11-23 19:55:17.145  INFO 21184 --- [http-nio-8082-exec-4] p.a.rsbackend.loging.ControllersLogger   : 
 Invoked: public org.springframework.http.ResponseEntity pl.adambaranowski.rsbackend.controller.ReservationController.getReservationsForRoom(pl.adambaranowski.rsbackend.model.dto.GetReservationRequestDto) 
 With params: 
 class GetReservationRequestDto {
    roomNumber: 22
    beginDate: 11-09-2021
    endDate: 15-09-2021
}
 
 By User: 
 admin@gmail.com 
 Returned: <200 OK OK,[class SingleReservationDto {
    reservationId: 2
    userNick: admin
    date: 14-10-2021
    beginTime: 09:45
    endTime: 11:00
}],[]>
2021-11-23 20:00:32.518  INFO 21184 --- [http-nio-8082-exec-7] p.a.rsbackend.loging.ControllersLogger   : 
 Invoked: public org.springframework.http.ResponseEntity pl.adambaranowski.rsbackend.controller.RoomController.getAllRooms() 
 With params: 
  
 By User: 
 admin@gmail.com 
 Returned: <200 OK OK,[class RoomResponseDto {
    roomNumber: 21
    description: Small organ room on 2nd floor
    roomStatus: NORMAL
    equipmentItems: [class EquipmentResponseDto {
        id: 1
        name: Pneumatic Organ
        description: II+P, 8 stops, pneumatic tracture organ
        roomNumber: 21
    }]
}, class RoomResponseDto {
    roomNumber: 22
    description: Grand Piano room on 2nd floor
    roomStatus: ONLY_TEACHER
    equipmentItems: [class EquipmentResponseDto {
        id: 2
        name: Yamaha Small Grand Piano
        description: Yamaha Small Grand Piano, well-tuned
        roomNumber: 22
    }]
}, class RoomResponseDto {
    roomNumber: 25
    description: Small organ-piano room on 2nd floor
    roomStatus: NORMAL
    equipmentItems: [class EquipmentResponseDto {
        id: 4
        name: Calisia Piano
        description: Small piano
        roomNumber: 25
    }, class EquipmentResponseDto {
        id: 3
        name: Mechanic Walcker Organ
        description: II+P, 7 stops, mechanic tracture organ
        roomNumber: 25
    }]
}],[]>
2021-11-23 20:00:37.065  INFO 21184 --- [http-nio-8082-exec-9] p.a.rsbackend.loging.ControllersLogger   : 
 Invoked: public org.springframework.http.ResponseEntity pl.adambaranowski.rsbackend.controller.ReservationController.getReservationsForRoom(pl.adambaranowski.rsbackend.model.dto.GetReservationRequestDto) 
 With params: 
 class GetReservationRequestDto {
    roomNumber: 22
    beginDate: 11-09-2021
    endDate: 15-09-2021
}
 
 By User: 
 admin@gmail.com 
 Returned: <200 OK OK,[class SingleReservationDto {
    reservationId: 2
    userNick: admin
    date: 14-10-2021
    beginTime: 09:45
    endTime: 11:00
}],[]>
2021-11-23 20:05:50.012  INFO 21184 --- [http-nio-8082-exec-2] p.a.rsbackend.loging.ControllersLogger   : 
 Invoked: public org.springframework.http.ResponseEntity pl.adambaranowski.rsbackend.controller.LoginController.getUserInfo() 
 With params: 
  
 By User: 
 admin@gmail.com 
 Returned: <200 OK OK,class UserResponseDto {
    id: 3
    userNick: admin
    email: admin@gmail.com
    authorities: [ADMIN]
    lastLoginDateTime: 2021-11-23T20:05:50.002626
    joinDateTime: 2021-11-23T15:38:35.486024
    accountNonExpired: true
    accountNonLocked: true
    credentialsNonExpired: true
},[]>
2021-11-23 20:05:53.394  INFO 21184 --- [http-nio-8082-exec-4] p.a.rsbackend.loging.ControllersLogger   : 
 Invoked: public org.springframework.http.ResponseEntity pl.adambaranowski.rsbackend.controller.RoomController.getAllRooms() 
 With params: 
  
 By User: 
 admin@gmail.com 
 Returned: <200 OK OK,[class RoomResponseDto {
    roomNumber: 21
    description: Small organ room on 2nd floor
    roomStatus: NORMAL
    equipmentItems: [class EquipmentResponseDto {
        id: 1
        name: Pneumatic Organ
        description: II+P, 8 stops, pneumatic tracture organ
        roomNumber: 21
    }]
}, class RoomResponseDto {
    roomNumber: 22
    description: Grand Piano room on 2nd floor
    roomStatus: ONLY_TEACHER
    equipmentItems: [class EquipmentResponseDto {
        id: 2
        name: Yamaha Small Grand Piano
        description: Yamaha Small Grand Piano, well-tuned
        roomNumber: 22
    }]
}, class RoomResponseDto {
    roomNumber: 25
    description: Small organ-piano room on 2nd floor
    roomStatus: NORMAL
    equipmentItems: [class EquipmentResponseDto {
        id: 4
        name: Calisia Piano
        description: Small piano
        roomNumber: 25
    }, class EquipmentResponseDto {
        id: 3
        name: Mechanic Walcker Organ
        description: II+P, 7 stops, mechanic tracture organ
        roomNumber: 25
    }]
}],[]>
2021-11-23 20:08:40.057  INFO 21184 --- [http-nio-8082-exec-7] p.a.rsbackend.loging.ControllersLogger   : 
 Invoked: public org.springframework.http.ResponseEntity pl.adambaranowski.rsbackend.controller.RoomController.getAllRooms() 
 With params: 
  
 By User: 
 admin@gmail.com 
 Returned: <200 OK OK,[class RoomResponseDto {
    roomNumber: 21
    description: Small organ room on 2nd floor
    roomStatus: NORMAL
    equipmentItems: [class EquipmentResponseDto {
        id: 1
        name: Pneumatic Organ
        description: II+P, 8 stops, pneumatic tracture organ
        roomNumber: 21
    }]
}, class RoomResponseDto {
    roomNumber: 22
    description: Grand Piano room on 2nd floor
    roomStatus: ONLY_TEACHER
    equipmentItems: [class EquipmentResponseDto {
        id: 2
        name: Yamaha Small Grand Piano
        description: Yamaha Small Grand Piano, well-tuned
        roomNumber: 22
    }]
}, class RoomResponseDto {
    roomNumber: 25
    description: Small organ-piano room on 2nd floor
    roomStatus: NORMAL
    equipmentItems: [class EquipmentResponseDto {
        id: 4
        name: Calisia Piano
        description: Small piano
        roomNumber: 25
    }, class EquipmentResponseDto {
        id: 3
        name: Mechanic Walcker Organ
        description: II+P, 7 stops, mechanic tracture organ
        roomNumber: 25
    }]
}],[]>
2021-11-23 20:08:45.919  INFO 21184 --- [http-nio-8082-exec-9] p.a.rsbackend.loging.ControllersLogger   : 
 Invoked: public org.springframework.http.ResponseEntity pl.adambaranowski.rsbackend.controller.ReservationController.getReservationsForRoom(pl.adambaranowski.rsbackend.model.dto.GetReservationRequestDto) 
 With params: 
 class GetReservationRequestDto {
    roomNumber: 22
    beginDate: 11-09-2021
    endDate: 15-09-2021
}
 
 By User: 
 admin@gmail.com 
 Returned: <200 OK OK,[class SingleReservationDto {
    reservationId: 2
    userNick: admin
    date: 14-10-2021
    beginTime: 09:45
    endTime: 11:00
}],[]>
2021-11-23 20:09:17.413  INFO 21184 --- [http-nio-8082-exec-1] p.a.rsbackend.loging.ControllersLogger   : 
 Invoked: public org.springframework.http.ResponseEntity pl.adambaranowski.rsbackend.controller.ReservationController.getReservationsForRoom(pl.adambaranowski.rsbackend.model.dto.GetReservationRequestDto) 
 With params: 
 class GetReservationRequestDto {
    roomNumber: 22
    beginDate: 18-09-2021
    endDate: 22-09-2021
}
 
 By User: 
 admin@gmail.com 
 Returned: <200 OK OK,[class SingleReservationDto {
    reservationId: 2
    userNick: admin
    date: 14-10-2021
    beginTime: 09:45
    endTime: 11:00
}],[]>
2021-11-23 20:09:20.467  INFO 21184 --- [http-nio-8082-exec-2] p.a.rsbackend.loging.ControllersLogger   : 
 Invoked: public org.springframework.http.ResponseEntity pl.adambaranowski.rsbackend.controller.ReservationController.getReservationsForRoom(pl.adambaranowski.rsbackend.model.dto.GetReservationRequestDto) 
 With params: 
 class GetReservationRequestDto {
    roomNumber: 22
    beginDate: 25-09-2021
    endDate: 29-09-2021
}
 
 By User: 
 admin@gmail.com 
 Returned: <200 OK OK,[class SingleReservationDto {
    reservationId: 2
    userNick: admin
    date: 14-10-2021
    beginTime: 09:45
    endTime: 11:00
}],[]>
2021-11-23 20:11:25.553  INFO 21184 --- [http-nio-8082-exec-5] p.a.rsbackend.loging.ControllersLogger   : 
 Invoked: public org.springframework.http.ResponseEntity pl.adambaranowski.rsbackend.controller.ReservationController.getReservationsForRoom(pl.adambaranowski.rsbackend.model.dto.GetReservationRequestDto) 
 With params: 
 class GetReservationRequestDto {
    roomNumber: 22
    beginDate: 11-09-2021
    endDate: 15-09-2021
}
 
 By User: 
 admin@gmail.com 
 Returned: <200 OK OK,[class SingleReservationDto {
    reservationId: 2
    userNick: admin
    date: 14-10-2021
    beginTime: 09:45
    endTime: 11:00
}],[]>
2021-11-23 20:12:41.463  INFO 21184 --- [http-nio-8082-exec-8] p.a.rsbackend.loging.ControllersLogger   : 
 Invoked: public org.springframework.http.ResponseEntity pl.adambaranowski.rsbackend.controller.ReservationController.getReservationsForRoom(pl.adambaranowski.rsbackend.model.dto.GetReservationRequestDto) 
 With params: 
 class GetReservationRequestDto {
    roomNumber: 22
    beginDate: 22-10-2021
    endDate: 26-10-2021
}
 
 By User: 
 admin@gmail.com 
 Returned: <200 OK OK,[],[]>
2021-11-23 20:17:16.761  INFO 21184 --- [http-nio-8082-exec-1] p.a.rsbackend.loging.ControllersLogger   : 
 Invoked: public org.springframework.http.ResponseEntity pl.adambaranowski.rsbackend.controller.RoomController.getAllRooms() 
 With params: 
  
 By User: 
 admin@gmail.com 
 Returned: <200 OK OK,[class RoomResponseDto {
    roomNumber: 21
    description: Small organ room on 2nd floor
    roomStatus: NORMAL
    equipmentItems: [class EquipmentResponseDto {
        id: 1
        name: Pneumatic Organ
        description: II+P, 8 stops, pneumatic tracture organ
        roomNumber: 21
    }]
}, class RoomResponseDto {
    roomNumber: 22
    description: Grand Piano room on 2nd floor
    roomStatus: ONLY_TEACHER
    equipmentItems: [class EquipmentResponseDto {
        id: 2
        name: Yamaha Small Grand Piano
        description: Yamaha Small Grand Piano, well-tuned
        roomNumber: 22
    }]
}, class RoomResponseDto {
    roomNumber: 25
    description: Small organ-piano room on 2nd floor
    roomStatus: NORMAL
    equipmentItems: [class EquipmentResponseDto {
        id: 4
        name: Calisia Piano
        description: Small piano
        roomNumber: 25
    }, class EquipmentResponseDto {
        id: 3
        name: Mechanic Walcker Organ
        description: II+P, 7 stops, mechanic tracture organ
        roomNumber: 25
    }]
}],[]>
2021-11-23 20:17:21.994  INFO 21184 --- [http-nio-8082-exec-3] p.a.rsbackend.loging.ControllersLogger   : 
 Invoked: public org.springframework.http.ResponseEntity pl.adambaranowski.rsbackend.controller.ReservationController.getReservationsForRoom(pl.adambaranowski.rsbackend.model.dto.GetReservationRequestDto) 
 With params: 
 class GetReservationRequestDto {
    roomNumber: 22
    beginDate: 22-11-2021
    endDate: 26-11-2021
}
 
 By User: 
 admin@gmail.com 
 Returned: <200 OK OK,[],[]>
2021-11-23 20:17:33.421  INFO 21184 --- [http-nio-8082-exec-5] p.a.rsbackend.loging.ControllersLogger   : 
 Invoked: public org.springframework.http.ResponseEntity pl.adambaranowski.rsbackend.controller.ReservationController.getReservationsForRoom(pl.adambaranowski.rsbackend.model.dto.GetReservationRequestDto) 
 With params: 
 class GetReservationRequestDto {
    roomNumber: 22
    beginDate: 11-10-2021
    endDate: 15-10-2021
}
 
 By User: 
 admin@gmail.com 
 Returned: <200 OK OK,[class SingleReservationDto {
    reservationId: 1
    userNick: admin
    date: 11-10-2021
    beginTime: 12:30
    endTime: 14:00
}, class SingleReservationDto {
    reservationId: 1
    userNick: admin
    date: 12-10-2021
    beginTime: 12:30
    endTime: 14:00
}, class SingleReservationDto {
    reservationId: 2
    userNick: admin
    date: 14-10-2021
    beginTime: 09:45
    endTime: 11:00
}],[]>
2021-11-23 20:23:46.216  INFO 21184 --- [http-nio-8082-exec-8] p.a.rsbackend.loging.ControllersLogger   : 
 Invoked: public org.springframework.http.ResponseEntity pl.adambaranowski.rsbackend.controller.LoginController.getUserInfo() 
 With params: 
  
 By User: 
 admin@gmail.com 
 Returned: <200 OK OK,class UserResponseDto {
    id: 3
    userNick: admin
    email: admin@gmail.com
    authorities: [ADMIN]
    lastLoginDateTime: 2021-11-23T20:23:46.214978
    joinDateTime: 2021-11-23T15:38:35.486024
    accountNonExpired: true
    accountNonLocked: true
    credentialsNonExpired: true
},[]>
2021-11-23 20:23:50.257  INFO 21184 --- [http-nio-8082-exec-10] p.a.rsbackend.loging.ControllersLogger   : 
 Invoked: public org.springframework.http.ResponseEntity pl.adambaranowski.rsbackend.controller.RoomController.getAllRooms() 
 With params: 
  
 By User: 
 admin@gmail.com 
 Returned: <200 OK OK,[class RoomResponseDto {
    roomNumber: 21
    description: Small organ room on 2nd floor
    roomStatus: NORMAL
    equipmentItems: [class EquipmentResponseDto {
        id: 1
        name: Pneumatic Organ
        description: II+P, 8 stops, pneumatic tracture organ
        roomNumber: 21
    }]
}, class RoomResponseDto {
    roomNumber: 22
    description: Grand Piano room on 2nd floor
    roomStatus: ONLY_TEACHER
    equipmentItems: [class EquipmentResponseDto {
        id: 2
        name: Yamaha Small Grand Piano
        description: Yamaha Small Grand Piano, well-tuned
        roomNumber: 22
    }]
}, class RoomResponseDto {
    roomNumber: 25
    description: Small organ-piano room on 2nd floor
    roomStatus: NORMAL
    equipmentItems: [class EquipmentResponseDto {
        id: 4
        name: Calisia Piano
        description: Small piano
        roomNumber: 25
    }, class EquipmentResponseDto {
        id: 3
        name: Mechanic Walcker Organ
        description: II+P, 7 stops, mechanic tracture organ
        roomNumber: 25
    }]
}],[]>
2021-11-23 20:23:54.116  INFO 21184 --- [http-nio-8082-exec-2] p.a.rsbackend.loging.ControllersLogger   : 
 Invoked: public org.springframework.http.ResponseEntity pl.adambaranowski.rsbackend.controller.ReservationController.getReservationsForRoom(pl.adambaranowski.rsbackend.model.dto.GetReservationRequestDto) 
 With params: 
 class GetReservationRequestDto {
    roomNumber: 22
    beginDate: 11-10-2021
    endDate: 15-10-2021
}
 
 By User: 
 admin@gmail.com 
 Returned: <200 OK OK,[class SingleReservationDto {
    reservationId: 1
    userNick: admin
    date: 11-10-2021
    beginTime: 12:30
    endTime: 14:00
}, class SingleReservationDto {
    reservationId: 1
    userNick: admin
    date: 12-10-2021
    beginTime: 12:30
    endTime: 14:00
}, class SingleReservationDto {
    reservationId: 2
    userNick: admin
    date: 14-10-2021
    beginTime: 09:45
    endTime: 11:00
}],[]>
2021-11-23 20:24:49.121  INFO 21184 --- [http-nio-8082-exec-4] p.a.rsbackend.loging.ControllersLogger   : 
 Invoked: public org.springframework.http.ResponseEntity pl.adambaranowski.rsbackend.controller.RoomController.getAllRooms() 
 With params: 
  
 By User: 
 admin@gmail.com 
 Returned: <200 OK OK,[class RoomResponseDto {
    roomNumber: 21
    description: Small organ room on 2nd floor
    roomStatus: NORMAL
    equipmentItems: [class EquipmentResponseDto {
        id: 1
        name: Pneumatic Organ
        description: II+P, 8 stops, pneumatic tracture organ
        roomNumber: 21
    }]
}, class RoomResponseDto {
    roomNumber: 22
    description: Grand Piano room on 2nd floor
    roomStatus: ONLY_TEACHER
    equipmentItems: [class EquipmentResponseDto {
        id: 2
        name: Yamaha Small Grand Piano
        description: Yamaha Small Grand Piano, well-tuned
        roomNumber: 22
    }]
}, class RoomResponseDto {
    roomNumber: 25
    description: Small organ-piano room on 2nd floor
    roomStatus: NORMAL
    equipmentItems: [class EquipmentResponseDto {
        id: 4
        name: Calisia Piano
        description: Small piano
        roomNumber: 25
    }, class EquipmentResponseDto {
        id: 3
        name: Mechanic Walcker Organ
        description: II+P, 7 stops, mechanic tracture organ
        roomNumber: 25
    }]
}],[]>
2021-11-23 20:24:57.108  INFO 21184 --- [http-nio-8082-exec-6] p.a.rsbackend.loging.ControllersLogger   : 
 Invoked: public org.springframework.http.ResponseEntity pl.adambaranowski.rsbackend.controller.ReservationController.getReservationsForRoom(pl.adambaranowski.rsbackend.model.dto.GetReservationRequestDto) 
 With params: 
 class GetReservationRequestDto {
    roomNumber: 22
    beginDate: 11-10-2021
    endDate: 15-10-2021
}
 
 By User: 
 admin@gmail.com 
 Returned: <200 OK OK,[class SingleReservationDto {
    reservationId: 1
    userNick: admin
    date: 11-10-2021
    beginTime: 12:30
    endTime: 14:00
}, class SingleReservationDto {
    reservationId: 1
    userNick: admin
    date: 12-10-2021
    beginTime: 12:30
    endTime: 14:00
}, class SingleReservationDto {
    reservationId: 2
    userNick: admin
    date: 14-10-2021
    beginTime: 09:45
    endTime: 11:00
}],[]>
2021-11-23 20:31:29.331  INFO 21184 --- [http-nio-8082-exec-9] p.a.rsbackend.loging.ControllersLogger   : 
 Invoked: public org.springframework.http.ResponseEntity pl.adambaranowski.rsbackend.controller.RoomController.getAllRooms() 
 With params: 
  
 By User: 
 admin@gmail.com 
 Returned: <200 OK OK,[class RoomResponseDto {
    roomNumber: 21
    description: Small organ room on 2nd floor
    roomStatus: NORMAL
    equipmentItems: [class EquipmentResponseDto {
        id: 1
        name: Pneumatic Organ
        description: II+P, 8 stops, pneumatic tracture organ
        roomNumber: 21
    }]
}, class RoomResponseDto {
    roomNumber: 22
    description: Grand Piano room on 2nd floor
    roomStatus: ONLY_TEACHER
    equipmentItems: [class EquipmentResponseDto {
        id: 2
        name: Yamaha Small Grand Piano
        description: Yamaha Small Grand Piano, well-tuned
        roomNumber: 22
    }]
}, class RoomResponseDto {
    roomNumber: 25
    description: Small organ-piano room on 2nd floor
    roomStatus: NORMAL
    equipmentItems: [class EquipmentResponseDto {
        id: 4
        name: Calisia Piano
        description: Small piano
        roomNumber: 25
    }, class EquipmentResponseDto {
        id: 3
        name: Mechanic Walcker Organ
        description: II+P, 7 stops, mechanic tracture organ
        roomNumber: 25
    }]
}],[]>
2021-11-23 20:31:43.554  INFO 21184 --- [http-nio-8082-exec-1] p.a.rsbackend.loging.ControllersLogger   : 
 Invoked: public org.springframework.http.ResponseEntity pl.adambaranowski.rsbackend.controller.RoomController.getAllRooms() 
 With params: 
  
 By User: 
 admin@gmail.com 
 Returned: <200 OK OK,[class RoomResponseDto {
    roomNumber: 21
    description: Small organ room on 2nd floor
    roomStatus: NORMAL
    equipmentItems: [class EquipmentResponseDto {
        id: 1
        name: Pneumatic Organ
        description: II+P, 8 stops, pneumatic tracture organ
        roomNumber: 21
    }]
}, class RoomResponseDto {
    roomNumber: 22
    description: Grand Piano room on 2nd floor
    roomStatus: ONLY_TEACHER
    equipmentItems: [class EquipmentResponseDto {
        id: 2
        name: Yamaha Small Grand Piano
        description: Yamaha Small Grand Piano, well-tuned
        roomNumber: 22
    }]
}, class RoomResponseDto {
    roomNumber: 25
    description: Small organ-piano room on 2nd floor
    roomStatus: NORMAL
    equipmentItems: [class EquipmentResponseDto {
        id: 4
        name: Calisia Piano
        description: Small piano
        roomNumber: 25
    }, class EquipmentResponseDto {
        id: 3
        name: Mechanic Walcker Organ
        description: II+P, 7 stops, mechanic tracture organ
        roomNumber: 25
    }]
}],[]>
2021-11-23 20:33:20.840  INFO 21184 --- [http-nio-8082-exec-4] p.a.rsbackend.loging.ControllersLogger   : 
 Invoked: public org.springframework.http.ResponseEntity pl.adambaranowski.rsbackend.controller.RoomController.getAllRooms() 
 With params: 
  
 By User: 
 admin@gmail.com 
 Returned: <200 OK OK,[class RoomResponseDto {
    roomNumber: 21
    description: Small organ room on 2nd floor
    roomStatus: NORMAL
    equipmentItems: [class EquipmentResponseDto {
        id: 1
        name: Pneumatic Organ
        description: II+P, 8 stops, pneumatic tracture organ
        roomNumber: 21
    }]
}, class RoomResponseDto {
    roomNumber: 22
    description: Grand Piano room on 2nd floor
    roomStatus: ONLY_TEACHER
    equipmentItems: [class EquipmentResponseDto {
        id: 2
        name: Yamaha Small Grand Piano
        description: Yamaha Small Grand Piano, well-tuned
        roomNumber: 22
    }]
}, class RoomResponseDto {
    roomNumber: 25
    description: Small organ-piano room on 2nd floor
    roomStatus: NORMAL
    equipmentItems: [class EquipmentResponseDto {
        id: 4
        name: Calisia Piano
        description: Small piano
        roomNumber: 25
    }, class EquipmentResponseDto {
        id: 3
        name: Mechanic Walcker Organ
        description: II+P, 7 stops, mechanic tracture organ
        roomNumber: 25
    }]
}],[]>
2021-11-23 20:37:00.150  INFO 21184 --- [http-nio-8082-exec-7] p.a.rsbackend.loging.ControllersLogger   : 
 Invoked: public org.springframework.http.ResponseEntity pl.adambaranowski.rsbackend.controller.RoomController.getAllRooms() 
 With params: 
  
 By User: 
 admin@gmail.com 
 Returned: <200 OK OK,[class RoomResponseDto {
    roomNumber: 21
    description: Small organ room on 2nd floor
    roomStatus: NORMAL
    equipmentItems: [class EquipmentResponseDto {
        id: 1
        name: Pneumatic Organ
        description: II+P, 8 stops, pneumatic tracture organ
        roomNumber: 21
    }]
}, class RoomResponseDto {
    roomNumber: 22
    description: Grand Piano room on 2nd floor
    roomStatus: ONLY_TEACHER
    equipmentItems: [class EquipmentResponseDto {
        id: 2
        name: Yamaha Small Grand Piano
        description: Yamaha Small Grand Piano, well-tuned
        roomNumber: 22
    }]
}, class RoomResponseDto {
    roomNumber: 25
    description: Small organ-piano room on 2nd floor
    roomStatus: NORMAL
    equipmentItems: [class EquipmentResponseDto {
        id: 4
        name: Calisia Piano
        description: Small piano
        roomNumber: 25
    }, class EquipmentResponseDto {
        id: 3
        name: Mechanic Walcker Organ
        description: II+P, 7 stops, mechanic tracture organ
        roomNumber: 25
    }]
}],[]>
2021-11-23 20:37:09.267  INFO 21184 --- [http-nio-8082-exec-9] p.a.rsbackend.security.filter.JwtFilter  : Exception during authentication
Authentication denied: JWT expired at 2021-11-23T19:37:06Z. Current time: 2021-11-23T19:37:09Z, a difference of 3263 milliseconds.  Allowed clock skew: 0 milliseconds.
2021-11-23 20:37:15.709  INFO 21184 --- [http-nio-8082-exec-1] p.a.rsbackend.loging.ControllersLogger   : 
 Invoked: public org.springframework.http.ResponseEntity pl.adambaranowski.rsbackend.controller.LoginController.getUserInfo() 
 With params: 
  
 By User: 
 admin@gmail.com 
 Returned: <200 OK OK,class UserResponseDto {
    id: 3
    userNick: admin
    email: admin@gmail.com
    authorities: [ADMIN]
    lastLoginDateTime: 2021-11-23T20:37:15.707998
    joinDateTime: 2021-11-23T15:38:35.486024
    accountNonExpired: true
    accountNonLocked: true
    credentialsNonExpired: true
},[]>
2021-11-23 20:37:20.799  INFO 21184 --- [http-nio-8082-exec-3] p.a.rsbackend.loging.ControllersLogger   : 
 Invoked: public org.springframework.http.ResponseEntity pl.adambaranowski.rsbackend.controller.RoomController.getAllRooms() 
 With params: 
  
 By User: 
 admin@gmail.com 
 Returned: <200 OK OK,[class RoomResponseDto {
    roomNumber: 21
    description: Small organ room on 2nd floor
    roomStatus: NORMAL
    equipmentItems: [class EquipmentResponseDto {
        id: 1
        name: Pneumatic Organ
        description: II+P, 8 stops, pneumatic tracture organ
        roomNumber: 21
    }]
}, class RoomResponseDto {
    roomNumber: 22
    description: Grand Piano room on 2nd floor
    roomStatus: ONLY_TEACHER
    equipmentItems: [class EquipmentResponseDto {
        id: 2
        name: Yamaha Small Grand Piano
        description: Yamaha Small Grand Piano, well-tuned
        roomNumber: 22
    }]
}, class RoomResponseDto {
    roomNumber: 25
    description: Small organ-piano room on 2nd floor
    roomStatus: NORMAL
    equipmentItems: [class EquipmentResponseDto {
        id: 4
        name: Calisia Piano
        description: Small piano
        roomNumber: 25
    }, class EquipmentResponseDto {
        id: 3
        name: Mechanic Walcker Organ
        description: II+P, 7 stops, mechanic tracture organ
        roomNumber: 25
    }]
}],[]>
2021-11-23 20:37:27.528  INFO 21184 --- [http-nio-8082-exec-5] p.a.rsbackend.loging.ControllersLogger   : 
 Invoked: public org.springframework.http.ResponseEntity pl.adambaranowski.rsbackend.controller.ReservationController.getReservationsForRoom(pl.adambaranowski.rsbackend.model.dto.GetReservationRequestDto) 
 With params: 
 class GetReservationRequestDto {
    roomNumber: 22
    beginDate: 11-10-2021
    endDate: 15-10-2021
}
 
 By User: 
 admin@gmail.com 
 Returned: <200 OK OK,[class SingleReservationDto {
    reservationId: 1
    userNick: admin
    date: 11-10-2021
    beginTime: 12:30
    endTime: 14:00
}, class SingleReservationDto {
    reservationId: 1
    userNick: admin
    date: 12-10-2021
    beginTime: 12:30
    endTime: 14:00
}, class SingleReservationDto {
    reservationId: 2
    userNick: admin
    date: 14-10-2021
    beginTime: 09:45
    endTime: 11:00
}],[]>
2021-11-23 20:47:15.933  INFO 21184 --- [http-nio-8082-exec-8] p.a.rsbackend.loging.ControllersLogger   : 
 Invoked: public org.springframework.http.ResponseEntity pl.adambaranowski.rsbackend.controller.RoomController.getAllRooms() 
 With params: 
  
 By User: 
 admin@gmail.com 
 Returned: <200 OK OK,[class RoomResponseDto {
    roomNumber: 21
    description: Small organ room on 2nd floor
    roomStatus: NORMAL
    equipmentItems: [class EquipmentResponseDto {
        id: 1
        name: Pneumatic Organ
        description: II+P, 8 stops, pneumatic tracture organ
        roomNumber: 21
    }]
}, class RoomResponseDto {
    roomNumber: 22
    description: Grand Piano room on 2nd floor
    roomStatus: ONLY_TEACHER
    equipmentItems: [class EquipmentResponseDto {
        id: 2
        name: Yamaha Small Grand Piano
        description: Yamaha Small Grand Piano, well-tuned
        roomNumber: 22
    }]
}, class RoomResponseDto {
    roomNumber: 25
    description: Small organ-piano room on 2nd floor
    roomStatus: NORMAL
    equipmentItems: [class EquipmentResponseDto {
        id: 4
        name: Calisia Piano
        description: Small piano
        roomNumber: 25
    }, class EquipmentResponseDto {
        id: 3
        name: Mechanic Walcker Organ
        description: II+P, 7 stops, mechanic tracture organ
        roomNumber: 25
    }]
}],[]>
2021-11-23 20:49:00.845  INFO 21184 --- [http-nio-8082-exec-1] p.a.rsbackend.loging.ControllersLogger   : 
 Invoked: public org.springframework.http.ResponseEntity pl.adambaranowski.rsbackend.controller.RoomController.getAllRooms() 
 With params: 
  
 By User: 
 admin@gmail.com 
 Returned: <200 OK OK,[class RoomResponseDto {
    roomNumber: 21
    description: Small organ room on 2nd floor
    roomStatus: NORMAL
    equipmentItems: [class EquipmentResponseDto {
        id: 1
        name: Pneumatic Organ
        description: II+P, 8 stops, pneumatic tracture organ
        roomNumber: 21
    }]
}, class RoomResponseDto {
    roomNumber: 22
    description: Grand Piano room on 2nd floor
    roomStatus: ONLY_TEACHER
    equipmentItems: [class EquipmentResponseDto {
        id: 2
        name: Yamaha Small Grand Piano
        description: Yamaha Small Grand Piano, well-tuned
        roomNumber: 22
    }]
}, class RoomResponseDto {
    roomNumber: 25
    description: Small organ-piano room on 2nd floor
    roomStatus: NORMAL
    equipmentItems: [class EquipmentResponseDto {
        id: 4
        name: Calisia Piano
        description: Small piano
        roomNumber: 25
    }, class EquipmentResponseDto {
        id: 3
        name: Mechanic Walcker Organ
        description: II+P, 7 stops, mechanic tracture organ
        roomNumber: 25
    }]
}],[]>
2021-11-23 20:49:10.392  INFO 21184 --- [http-nio-8082-exec-2] p.a.rsbackend.loging.ExceptionsLogger    : 

 Exception occurred: pl.adambaranowski.rsbackend.exception.WrongDtoException
 
 By User: 
 admin@gmail.com 

2021-11-23 20:52:15.361  INFO 21184 --- [http-nio-8082-exec-4] p.a.rsbackend.loging.ControllersLogger   : 
 Invoked: public org.springframework.http.ResponseEntity pl.adambaranowski.rsbackend.controller.LoginController.getUserInfo() 
 With params: 
  
 By User: 
 admin@gmail.com 
 Returned: <200 OK OK,class UserResponseDto {
    id: 3
    userNick: admin
    email: admin@gmail.com
    authorities: [ADMIN]
    lastLoginDateTime: 2021-11-23T20:52:15.359334
    joinDateTime: 2021-11-23T15:38:35.486024
    accountNonExpired: true
    accountNonLocked: true
    credentialsNonExpired: true
},[]>
2021-11-23 20:52:19.284  INFO 21184 --- [http-nio-8082-exec-6] p.a.rsbackend.loging.ControllersLogger   : 
 Invoked: public org.springframework.http.ResponseEntity pl.adambaranowski.rsbackend.controller.RoomController.getAllRooms() 
 With params: 
  
 By User: 
 admin@gmail.com 
 Returned: <200 OK OK,[class RoomResponseDto {
    roomNumber: 21
    description: Small organ room on 2nd floor
    roomStatus: NORMAL
    equipmentItems: [class EquipmentResponseDto {
        id: 1
        name: Pneumatic Organ
        description: II+P, 8 stops, pneumatic tracture organ
        roomNumber: 21
    }]
}, class RoomResponseDto {
    roomNumber: 22
    description: Grand Piano room on 2nd floor
    roomStatus: ONLY_TEACHER
    equipmentItems: [class EquipmentResponseDto {
        id: 2
        name: Yamaha Small Grand Piano
        description: Yamaha Small Grand Piano, well-tuned
        roomNumber: 22
    }]
}, class RoomResponseDto {
    roomNumber: 25
    description: Small organ-piano room on 2nd floor
    roomStatus: NORMAL
    equipmentItems: [class EquipmentResponseDto {
        id: 4
        name: Calisia Piano
        description: Small piano
        roomNumber: 25
    }, class EquipmentResponseDto {
        id: 3
        name: Mechanic Walcker Organ
        description: II+P, 7 stops, mechanic tracture organ
        roomNumber: 25
    }]
}],[]>
2021-11-23 20:52:25.192  INFO 21184 --- [http-nio-8082-exec-8] p.a.rsbackend.loging.ExceptionsLogger    : 

 Exception occurred: pl.adambaranowski.rsbackend.exception.WrongDtoException
 
 By User: 
 admin@gmail.com 

2021-11-23 20:54:00.213  INFO 21184 --- [http-nio-8082-exec-10] p.a.rsbackend.loging.ControllersLogger   : 
 Invoked: public org.springframework.http.ResponseEntity pl.adambaranowski.rsbackend.controller.RoomController.getAllRooms() 
 With params: 
  
 By User: 
 admin@gmail.com 
 Returned: <200 OK OK,[class RoomResponseDto {
    roomNumber: 21
    description: Small organ room on 2nd floor
    roomStatus: NORMAL
    equipmentItems: [class EquipmentResponseDto {
        id: 1
        name: Pneumatic Organ
        description: II+P, 8 stops, pneumatic tracture organ
        roomNumber: 21
    }]
}, class RoomResponseDto {
    roomNumber: 22
    description: Grand Piano room on 2nd floor
    roomStatus: ONLY_TEACHER
    equipmentItems: [class EquipmentResponseDto {
        id: 2
        name: Yamaha Small Grand Piano
        description: Yamaha Small Grand Piano, well-tuned
        roomNumber: 22
    }]
}, class RoomResponseDto {
    roomNumber: 25
    description: Small organ-piano room on 2nd floor
    roomStatus: NORMAL
    equipmentItems: [class EquipmentResponseDto {
        id: 4
        name: Calisia Piano
        description: Small piano
        roomNumber: 25
    }, class EquipmentResponseDto {
        id: 3
        name: Mechanic Walcker Organ
        description: II+P, 7 stops, mechanic tracture organ
        roomNumber: 25
    }]
}],[]>
2021-11-23 20:54:05.707  INFO 21184 --- [http-nio-8082-exec-2] p.a.rsbackend.loging.ControllersLogger   : 
 Invoked: public org.springframework.http.ResponseEntity pl.adambaranowski.rsbackend.controller.ReservationController.getReservationsForRoom(pl.adambaranowski.rsbackend.model.dto.GetReservationRequestDto) 
 With params: 
 class GetReservationRequestDto {
    roomNumber: 22
    beginDate: 08-11-2021
    endDate: 12-11-2021
}
 
 By User: 
 admin@gmail.com 
 Returned: <200 OK OK,[],[]>
2021-11-23 20:54:08.145  INFO 21184 --- [http-nio-8082-exec-3] p.a.rsbackend.loging.ControllersLogger   : 
 Invoked: public org.springframework.http.ResponseEntity pl.adambaranowski.rsbackend.controller.ReservationController.getReservationsForRoom(pl.adambaranowski.rsbackend.model.dto.GetReservationRequestDto) 
 With params: 
 class GetReservationRequestDto {
    roomNumber: 22
    beginDate: 08-11-2021
    endDate: 12-11-2021
}
 
 By User: 
 admin@gmail.com 
 Returned: <200 OK OK,[],[]>
2021-11-23 20:54:10.255  INFO 21184 --- [http-nio-8082-exec-4] p.a.rsbackend.loging.ControllersLogger   : 
 Invoked: public org.springframework.http.ResponseEntity pl.adambaranowski.rsbackend.controller.ReservationController.getReservationsForRoom(pl.adambaranowski.rsbackend.model.dto.GetReservationRequestDto) 
 With params: 
 class GetReservationRequestDto {
    roomNumber: 22
    beginDate: 01-11-2021
    endDate: 05-11-2021
}
 
 By User: 
 admin@gmail.com 
 Returned: <200 OK OK,[],[]>
2021-11-23 20:54:11.709  INFO 21184 --- [http-nio-8082-exec-6] p.a.rsbackend.loging.ControllersLogger   : 
 Invoked: public org.springframework.http.ResponseEntity pl.adambaranowski.rsbackend.controller.ReservationController.getReservationsForRoom(pl.adambaranowski.rsbackend.model.dto.GetReservationRequestDto) 
 With params: 
 class GetReservationRequestDto {
    roomNumber: 22
    beginDate: 25-10-2021
    endDate: 29-10-2021
}
 
 By User: 
 admin@gmail.com 
 Returned: <200 OK OK,[],[]>
2021-11-23 20:54:13.406  INFO 21184 --- [http-nio-8082-exec-7] p.a.rsbackend.loging.ControllersLogger   : 
 Invoked: public org.springframework.http.ResponseEntity pl.adambaranowski.rsbackend.controller.ReservationController.getReservationsForRoom(pl.adambaranowski.rsbackend.model.dto.GetReservationRequestDto) 
 With params: 
 class GetReservationRequestDto {
    roomNumber: 22
    beginDate: 18-10-2021
    endDate: 22-10-2021
}
 
 By User: 
 admin@gmail.com 
 Returned: <200 OK OK,[],[]>
2021-11-23 20:54:16.459  INFO 21184 --- [http-nio-8082-exec-8] p.a.rsbackend.loging.ControllersLogger   : 
 Invoked: public org.springframework.http.ResponseEntity pl.adambaranowski.rsbackend.controller.ReservationController.getReservationsForRoom(pl.adambaranowski.rsbackend.model.dto.GetReservationRequestDto) 
 With params: 
 class GetReservationRequestDto {
    roomNumber: 22
    beginDate: 11-10-2021
    endDate: 15-10-2021
}
 
 By User: 
 admin@gmail.com 
 Returned: <200 OK OK,[class SingleReservationDto {
    reservationId: 1
    userNick: admin
    date: 11-10-2021
    beginTime: 12:30
    endTime: 14:00
}, class SingleReservationDto {
    reservationId: 1
    userNick: admin
    date: 12-10-2021
    beginTime: 12:30
    endTime: 14:00
}, class SingleReservationDto {
    reservationId: 2
    userNick: admin
    date: 14-10-2021
    beginTime: 09:45
    endTime: 11:00
}],[]>
2021-11-23 21:01:45.241  INFO 21184 --- [http-nio-8082-exec-1] p.a.rsbackend.loging.ControllersLogger   : 
 Invoked: public org.springframework.http.ResponseEntity pl.adambaranowski.rsbackend.controller.RoomController.getAllRooms() 
 With params: 
  
 By User: 
 admin@gmail.com 
 Returned: <200 OK OK,[class RoomResponseDto {
    roomNumber: 21
    description: Small organ room on 2nd floor
    roomStatus: NORMAL
    equipmentItems: [class EquipmentResponseDto {
        id: 1
        name: Pneumatic Organ
        description: II+P, 8 stops, pneumatic tracture organ
        roomNumber: 21
    }]
}, class RoomResponseDto {
    roomNumber: 22
    description: Grand Piano room on 2nd floor
    roomStatus: ONLY_TEACHER
    equipmentItems: [class EquipmentResponseDto {
        id: 2
        name: Yamaha Small Grand Piano
        description: Yamaha Small Grand Piano, well-tuned
        roomNumber: 22
    }]
}, class RoomResponseDto {
    roomNumber: 25
    description: Small organ-piano room on 2nd floor
    roomStatus: NORMAL
    equipmentItems: [class EquipmentResponseDto {
        id: 4
        name: Calisia Piano
        description: Small piano
        roomNumber: 25
    }, class EquipmentResponseDto {
        id: 3
        name: Mechanic Walcker Organ
        description: II+P, 7 stops, mechanic tracture organ
        roomNumber: 25
    }]
}],[]>
2021-11-23 21:01:53.103  INFO 21184 --- [http-nio-8082-exec-3] p.a.rsbackend.loging.ControllersLogger   : 
 Invoked: public org.springframework.http.ResponseEntity pl.adambaranowski.rsbackend.controller.ReservationController.getReservationsForRoom(pl.adambaranowski.rsbackend.model.dto.GetReservationRequestDto) 
 With params: 
 class GetReservationRequestDto {
    roomNumber: 22
    beginDate: 11-10-2021
    endDate: 15-10-2021
}
 
 By User: 
 admin@gmail.com 
 Returned: <200 OK OK,[class SingleReservationDto {
    reservationId: 1
    userNick: admin
    date: 11-10-2021
    beginTime: 12:30
    endTime: 14:00
}, class SingleReservationDto {
    reservationId: 1
    userNick: admin
    date: 12-10-2021
    beginTime: 12:30
    endTime: 14:00
}, class SingleReservationDto {
    reservationId: 2
    userNick: admin
    date: 14-10-2021
    beginTime: 09:45
    endTime: 11:00
}],[]>
